<?xml version="1.0" encoding="utf-8"?><testsuites name="pytest tests"><testsuite name="pytest" errors="0" failures="0" skipped="0" tests="11" time="0.465" timestamp="2026-07-10T22:45:58.181466+00:00" hostname="2ff42e78d6b7"><testcase classname="tests.test_engine_profile" name="test_moshier_mode_is_reported" time="0.090" /><testcase classname="tests.test_engine_profile" name="test_strict_swieph_never_silently_falls_back" time="0.006" /><testcase classname="tests.test_kp_intervals" name="test_interval_completeness_exact" time="0.006" /><testcase classname="tests.test_kp_intervals" name="test_boundary_ownership_start_inclusive_end_exclusive" time="0.281" /><testcase classname="tests.test_kp_intervals" name="test_known_anchor_values" time="0.001" /><testcase classname="tests.test_kp_intervals" name="test_determinism" time="0.041" /><testcase classname="tests.test_official_swetest_reference" name="test_against_official_astrodienst_swetest_fixture" time="0.001" /><testcase classname="tests.test_tier0_certification" name="test_certification_report_exists_from_this_run" time="0.000" /><testcase classname="tests.test_tier0_certification" name="test_tier0_thresholds" time="0.001" /><testcase classname="tests.test_tier0_certification" name="test_ephemeris_bundle_present_and_strict_mode_blocks_fallback" time="0.004" /><testcase classname="tests.test_tier0_certification" name="test_brihat_categorical_regression_from_fresh_run" time="0.001" /></testsuite></testsuites>